<?xml version="1.0" encoding="UTF-8"?>
<!-- Generated by org.testng.reporters.JUnitReportReporter -->
<testsuite hostname="RAVITEJA" name="retrieve.retrieveData" tests="1" failures="0" timestamp="7 Jan 2015 07:47:35 GMT" time="54.216" errors="0">
  <testcase name="searchGoogle" time="54.216" classname="retrieve.retrieveData"/>
</testsuite> <!-- retrieve.retrieveData -->
