<?xml version="1.0" encoding="UTF-8"?>
<!-- Generated by org.testng.reporters.JUnitReportReporter -->
<testsuite hostname="RAVITEJA" name="test.NewTest" tests="1" failures="0" timestamp="6 Dec 2014 12:03:53 GMT" time="0.003" errors="0">
  <testcase name="testPrintMessage" time="0.003" classname="test.NewTest"/>
</testsuite> <!-- test.NewTest -->
