<?xml version="1.0" encoding="UTF-8"?>
<!-- Generated by org.testng.reporters.JUnitReportReporter -->
<testsuite hostname="RAVITEJA" name="test.NewTest$PerformanceTesting" tests="12" failures="0" timestamp="6 Dec 2014 12:03:53 GMT" time="0.072" errors="0">
  <testcase name="runTest" time="0.001" classname="test.NewTest$PerformanceTesting"/>
  <testcase name="runTest" time="0.001" classname="test.NewTest$PerformanceTesting"/>
  <testcase name="runTest" time="0.002" classname="test.NewTest$PerformanceTesting"/>
  <testcase name="runTest" time="0.002" classname="test.NewTest$PerformanceTesting"/>
  <testcase name="runTest" time="0.016" classname="test.NewTest$PerformanceTesting"/>
  <testcase name="runTest" time="0.013" classname="test.NewTest$PerformanceTesting"/>
  <testcase name="runTest" time="0.014" classname="test.NewTest$PerformanceTesting"/>
  <testcase name="runTest" time="0.003" classname="test.NewTest$PerformanceTesting"/>
  <testcase name="runTest" time="0.004" classname="test.NewTest$PerformanceTesting"/>
  <testcase name="runTest" time="0.001" classname="test.NewTest$PerformanceTesting"/>
  <testcase name="runTest" time="0.014" classname="test.NewTest$PerformanceTesting"/>
  <testcase name="runTest" time="0.001" classname="test.NewTest$PerformanceTesting"/>
</testsuite> <!-- test.NewTest$PerformanceTesting -->
