<?xml version="1.0" encoding="UTF-8"?>
<!-- Generated by org.testng.reporters.JUnitReportReporter -->
<testsuite hostname="RAVITEJA" name="example.TestListener" tests="1" failures="0" timestamp="1 Jun 2015 12:48:22 GMT" time="0.013" errors="0">
  <testcase name="main" time="0.013" classname="example.TestListener"/>
</testsuite> <!-- example.TestListener -->
