<?xml version="1.0" encoding="UTF-8"?>
<!-- Generated by org.testng.reporters.JUnitReportReporter -->
<testsuite hostname="RAVITEJA" name="modules.NewModule" tests="2" failures="0" timestamp="26 Dec 2014 09:16:22 GMT" time="25.403" errors="0">
  <testcase name="login" time="4.947" classname="modules.NewModule"/>
  <testcase name="register" time="20.456" classname="modules.NewModule"/>
</testsuite> <!-- modules.NewModule -->
