<?xml version="1.0" encoding="UTF-8"?>
<!-- Generated by org.testng.reporters.JUnitReportReporter -->
<testsuite hostname="RAVITEJA" name="modules.AllReports" tests="5" failures="0" timestamp="7 Apr 2015 10:57:30 GMT" time="74.041" errors="0">
  <testcase name="loginPage" time="23.829" classname="modules.AllReports"/>
  <testcase name="rapIssuance" time="25.560" classname="modules.AllReports"/>
  <testcase name="yearlyReport" time="8.156" classname="modules.AllReports"/>
  <testcase name="dailyVisiting" time="9.311" classname="modules.AllReports"/>
  <testcase name="monthlyReport" time="7.185" classname="modules.AllReports"/>
</testsuite> <!-- modules.AllReports -->
