<?xml version="1.0" encoding="UTF-8"?>
<!-- Generated by org.testng.reporters.JUnitReportReporter -->
<testsuite hostname="RAVITEJA" name="modules.TouropRegistration" tests="1" failures="0" timestamp="30 Apr 2015 11:00:27 GMT" time="45.449" errors="0">
  <testcase name="addTouroperator" time="45.449" classname="modules.TouropRegistration"/>
</testsuite> <!-- modules.TouropRegistration -->
