<?xml version="1.0" encoding="UTF-8"?>
<!-- Generated by org.testng.reporters.JUnitReportReporter -->
<testsuite hostname="RAVITEJA" name="PTS.Report" tests="3" failures="0" timestamp="28 Nov 2014 12:45:01 GMT" time="48.514" errors="0">
  <testcase name="monthlyReport" time="4.284" classname="PTS.Report"/>
  <testcase name="loginPage" time="39.980" classname="PTS.Report"/>
  <testcase name="yearlyReport" time="4.250" classname="PTS.Report"/>
</testsuite> <!-- PTS.Report -->
