<?xml version="1.0" encoding="UTF-8"?>
<!-- Generated by org.testng.reporters.JUnitReportReporter -->
<testsuite hostname="RAVITEJA" name="example.TestDownload" tests="1" failures="0" timestamp="22 Apr 2015 06:17:02 GMT" time="12.665" errors="0">
  <testcase name="testDownload" time="12.665" classname="example.TestDownload"/>
</testsuite> <!-- example.TestDownload -->
