<?xml version="1.0" encoding="UTF-8"?>
<!-- Generated by org.testng.reporters.JUnitReportReporter -->
<testsuite hostname="RAVITEJA" name="example.NewTestCa" tests="2" failures="0" timestamp="9 Apr 2015 05:38:20 GMT" time="0.012" errors="0">
  <testcase name="testMethodOne" time="0.011" classname="example.NewTestCa"/>
  <testcase name="testMethodThree" time="0.001" classname="example.NewTestCa"/>
</testsuite> <!-- example.NewTestCa -->
