<?xml version="1.0" encoding="UTF-8"?>
<!-- Generated by org.testng.reporters.JUnitReportReporter -->
<testsuite hostname="RAVITEJA" name="example.PreserveOrder" tests="3" failures="0" timestamp="13 Apr 2015 12:39:37 GMT" time="0.011" errors="0">
  <testcase name="firstTestCase" time="0.010" classname="example.PreserveOrder"/>
  <testcase name="thirdTestCase" time="0.000" classname="example.PreserveOrder"/>
  <testcase name="secondTestCase" time="0.001" classname="example.PreserveOrder"/>
</testsuite> <!-- example.PreserveOrder -->
