<?xml version="1.0" encoding="UTF-8"?>
<!-- Generated by org.testng.reporters.JUnitReportReporter -->
<testsuite hostname="RAVITEJA" name="example.ExecutePackage" tests="1" failures="0" timestamp="13 Apr 2015 07:53:25 GMT" time="0.011" errors="0">
  <testcase name="testExample" time="0.011" classname="example.ExecutePackage"/>
</testsuite> <!-- example.ExecutePackage -->
