<?xml version="1.0" encoding="UTF-8"?>
<!-- Generated by org.testng.reporters.JUnitReportReporter -->
<testsuite hostname="RAVITEJA" name="example.TestCasePrioriy" tests="3" failures="0" timestamp="15 Apr 2015 10:58:37 GMT" time="0.012" errors="0">
  <testcase name="n" time="0.000" classname="example.TestCasePrioriy"/>
  <testcase name="g" time="0.001" classname="example.TestCasePrioriy"/>
  <testcase name="f" time="0.011" classname="example.TestCasePrioriy"/>
</testsuite> <!-- example.TestCasePrioriy -->
