<?xml version="1.0" encoding="UTF-8"?>
<!-- Generated by org.testng.reporters.JUnitReportReporter -->
<testsuite hostname="RAVITEJA" name="example.DataProviderExcel" tests="1" failures="0" timestamp="15 Apr 2015 12:48:10 GMT" time="8.710" errors="0">
  <testcase name="VerifyInvalidLogin" time="8.710" classname="example.DataProviderExcel"/>
</testsuite> <!-- example.DataProviderExcel -->
