<?xml version="1.0" encoding="UTF-8"?>
<!-- Generated by org.testng.reporters.JUnitReportReporter -->
<testsuite hostname="RAVITEJA" name="example.TimeoutTest" tests="1" failures="0" timestamp="13 Apr 2015 11:37:06 GMT" time="3.007" errors="0">
  <testcase name="test" time="3.007" classname="example.TimeoutTest"/>
</testsuite> <!-- example.TimeoutTest -->
