<?xml version="1.0" encoding="UTF-8"?>
<!-- Generated by org.testng.reporters.JUnitReportReporter -->
<testsuite hostname="RAVITEJA" name="example.IncExcExample" tests="2" failures="0" timestamp="13 Apr 2015 12:00:33 GMT" time="0.010" errors="0">
  <testcase name="addEmployee" time="0.009" classname="example.IncExcExample"/>
  <testcase name="addDesignation" time="0.001" classname="example.IncExcExample"/>
</testsuite> <!-- example.IncExcExample -->
