<?xml version="1.0" encoding="UTF-8"?>
<!-- Generated by org.testng.reporters.JUnitReportReporter -->
<testsuite hostname="RAVITEJA" name="example.ParallelExecution" tests="1" failures="0" timestamp="13 Apr 2015 12:30:51 GMT" time="6.135" errors="0">
  <testcase name="methodOne" time="6.135" classname="example.ParallelExecution"/>
</testsuite> <!-- example.ParallelExecution -->
