<?xml version="1.0" encoding="UTF-8"?>
<!-- Generated by org.testng.reporters.JUnitReportReporter -->
<testsuite hostname="RAVITEJA" name="example.TestParameter" tests="2" failures="0" timestamp="13 Apr 2015 12:13:17 GMT" time="0.011" errors="0">
  <testcase name="testMethod" time="0.011" classname="example.TestParameter"/>
  <testcase name="credentials" time="0.000" classname="example.TestParameter"/>
</testsuite> <!-- example.TestParameter -->
