<?xml version="1.0" encoding="UTF-8"?>
<!-- Generated by org.testng.reporters.JUnitReportReporter -->
<testsuite hostname="RAVITEJA" name="example.GroupExample" tests="2" failures="0" timestamp="13 Apr 2015 09:00:32 GMT" time="0.011" errors="0">
  <testcase name="test" time="0.011" classname="example.GroupExample"/>
  <testcase name="test2" time="0.000" classname="example.GroupExample"/>
</testsuite> <!-- example.GroupExample -->
