<?xml version="1.0" encoding="UTF-8"?>
<!-- Generated by org.testng.reporters.JUnitReportReporter -->
<testsuite hostname="RAVITEJA" name="Groups.TestSample" tests="1" failures="0" timestamp="8 Apr 2015 09:59:50 GMT" time="13.116" errors="0">
  <testcase name="f" time="13.116" classname="Groups.TestSample"/>
</testsuite> <!-- Groups.TestSample -->
