<?xml version="1.0" encoding="UTF-8"?>
<!-- Generated by org.testng.reporters.JUnitReportReporter -->
<testsuite hostname="RAVITEJA" name="Groups.NewTest1" tests="2" failures="0" timestamp="21 Nov 2014 12:25:35 GMT" time="17.256" errors="0">
  <testcase name="register" time="12.572" classname="Groups.NewTest1"/>
  <testcase name="login" time="4.684" classname="Groups.NewTest1"/>
</testsuite> <!-- Groups.NewTest1 -->
