<?xml version="1.0" encoding="UTF-8"?>
<!-- Generated by org.testng.reporters.JUnitReportReporter -->
<testsuite hostname="RAVITEJA" name="automationFramework.PageObjecPts" tests="3" failures="0" timestamp="30 Apr 2015 11:47:25 GMT" time="102.187" errors="0">
  <testcase name="registerTourist" time="33.302" classname="automationFramework.PageObjecPts"/>
  <testcase name="registerTourist" time="33.927" classname="automationFramework.PageObjecPts"/>
  <testcase name="registerTourist" time="34.958" classname="automationFramework.PageObjecPts"/>
</testsuite> <!-- automationFramework.PageObjecPts -->
