<?xml version="1.0" encoding="UTF-8"?>
<!-- Generated by org.testng.reporters.JUnitReportReporter -->
<testsuite hostname="RAVITEJA" name="database.NewTest" tests="1" failures="0" timestamp="24 Dec 2014 10:15:34 GMT" time="2.171" errors="0">
  <testcase name="CreateDB" time="2.171" classname="database.NewTest"/>
</testsuite> <!-- database.NewTest -->
