<?xml version="1.0" encoding="UTF-8"?>
<!-- Generated by org.testng.reporters.JUnitReportReporter -->
<testsuite hostname="RAVITEJA" name="snt.NewTest" tests="19" failures="0" timestamp="17 Nov 2014 07:39:42 GMT" time="0.042" errors="0">
  <testcase name="runTest" time="0.002" classname="snt.NewTest"/>
  <testcase name="runTest" time="0.002" classname="snt.NewTest"/>
  <testcase name="runTest" time="0.002" classname="snt.NewTest"/>
  <testcase name="testCase1" time="0.002" classname="snt.NewTest"/>
  <testcase name="runTest" time="0.001" classname="snt.NewTest"/>
  <testcase name="runMultipleTimes" time="0.002" classname="snt.NewTest"/>
  <testcase name="runTest" time="0.000" classname="snt.NewTest"/>
  <testcase name="testCase2" time="0.002" classname="snt.NewTest"/>
  <testcase name="runTest" time="0.000" classname="snt.NewTest"/>
  <testcase name="runTest" time="0.000" classname="snt.NewTest"/>
  <testcase name="runTest" time="0.001" classname="snt.NewTest"/>
  <testcase name="runTest" time="0.000" classname="snt.NewTest"/>
  <testcase name="runMultipleTimes" time="0.017" classname="snt.NewTest"/>
  <testcase name="runMultipleTimes" time="0.003" classname="snt.NewTest"/>
  <testcase name="runTest" time="0.000" classname="snt.NewTest"/>
  <testcase name="runTest" time="0.001" classname="snt.NewTest"/>
  <testcase name="runMultipleTimes" time="0.005" classname="snt.NewTest"/>
  <testcase name="runTest" time="0.000" classname="snt.NewTest"/>
  <testcase name="runMultipleTimes" time="0.002" classname="snt.NewTest"/>
</testsuite> <!-- snt.NewTest -->
