<?xml version="1.0" encoding="UTF-8"?>
<!-- Generated by org.testng.reporters.JUnitReportReporter -->
<testsuite hostname="RAVITEJA" name="hello.NewTestParallel" tests="2" failures="0" timestamp="8 Apr 2015 12:06:27 GMT" time="18.815" errors="0">
  <testcase name="testCaseOne" time="0.010" classname="hello.NewTestParallel"/>
  <testcase name="testCaseOne" time="18.805" classname="hello.NewTestParallel"/>
</testsuite> <!-- hello.NewTestParallel -->
