<?xml version="1.0" encoding="UTF-8"?>
<!-- Generated by org.testng.reporters.JUnitReportReporter -->
<testsuite hostname="RAVITEJA" name="hello.ParallelExecution" tests="1" failures="1" timestamp="8 Apr 2015 10:43:56 GMT" time="56.405" errors="0">
  <testcase name="monthReport" time="56.405" classname="hello.ParallelExecution">
    <failure type="org.openqa.selenium.WebDriverException" message="Failed to connect to binary FirefoxBinary(C:\Program Files (x86)\Mozilla Firefox\firefox.exe) on port 7055; process output follows: 
OG addons.xpi: Directory state JSON differs: cache [] state [{&quot;name&quot;:&quot;winreg-app-global&quot;,&quot;addons&quot;:{&quot;adapter@gingersoftware.com&quot;:{&quot;descriptor&quot;:&quot;C:\\Program Files (x86)\\Ginger\\Mozilla\\adapter@gingersoftware.com&quot;,&quot;mtime&quot;:1412158105163,&quot;rdfTime&quot;:1410239752000}}},{&quot;name&quot;:&quot;app-global&quot;,&quot;addons&quot;:{&quot;{972ce4c6-7e08-4474-a285-3208198ce6fd}&quot;:{&quot;descriptor&quot;:&quot;C:\\Program Files (x86)\\Mozilla Firefox\\browser\\extensions\\{972ce4c6-7e08-4474-a285-3208198ce6fd}&quot;,&quot;mtime&quot;:1428486347702,&quot;rdfTime&quot;:1428486347110}}},{&quot;name&quot;:&quot;winreg-app-user&quot;,&quot;addons&quot;:{&quot;wcapturex@deskperience.com&quot;:{&quot;descriptor&quot;:&quot;C:\\Program Files (x86)\\WordWeb\\WCaptureMoz&quot;,&quot;mtime&quot;:1423818567013,&quot;rdfTime&quot;:1367545909000}}},{&quot;name&quot;:&quot;app-profile&quot;,&quot;addons&quot;:{&quot;fxdriver@googlecode.com&quot;:{&quot;descriptor&quot;:&quot;C:\\Users\\Raviteja\\AppData\\Local\\Temp\\anonymous7415100343878591371webdriver-profile\\extensions\\fxdriver@googlecode.com&quot;,&quot;mtime&quot;:1428489789431,&quot;rdfTime&quot;:1428489789171}}}]
*** LOG addons.xpi-utils: Opening XPI database C:\Users\Raviteja\AppData\Local\Temp\anonymous7415100343878591371webdriver-profile\extensions.json
*** LOG addons.xpi: New add-on fxdriver@googlecode.com installed in app-profile
*** Blocklist::_loadBlocklistFromFile: blocklist is disabled
*** LOG addons.xpi-utils: Make addon app-profile:fxdriver@googlecode.com visible
*** LOG DeferredSave/extensions.json: Save changes
*** LOG DeferredSave/extensions.json: Save changes
*** LOG addons.xpi: New add-on wcapturex@deskperience.com installed in winreg-app-user
*** LOG addons.xpi-utils: Make addon winreg-app-user:wcapturex@deskperience.com visible
*** LOG DeferredSave/extensions.json: Save changes
*** LOG DeferredSave/extensions.json: Save changes
*** LOG addons.xpi: New add-on {972ce4c6-7e08-4474-a285-3208198ce6fd} installed in app-global
*** LOG addons.xpi-utils: Make addon app-global:{972ce4c6-7e08-4474-a285-3208198ce6fd} visible
*** LOG DeferredSave/extensions.json: Save changes
*** LOG DeferredSave/extensions.json: Save changes
*** LOG addons.xpi: New add-on adapter@gingersoftware.com installed in winreg-app-global
*** LOG addons.xpi-utils: Make addon winreg-app-global:adapter@gingersoftware.com visible
*** LOG DeferredSave/extensions.json: Save changes
*** LOG DeferredSave/extensions.json: Save changes
*** LOG addons.xpi: Updating database with changes to installed add-ons
*** LOG addons.xpi-utils: Updating add-on states
*** LOG addons.xpi-utils: Writing add-ons list
*** LOG DeferredSave/extensions.json: Starting timer
*** LOG DeferredSave/extensions.json: Starting write
*** LOG DeferredSave/extensions.json: Write succeeded
*** LOG addons.xpi-utils: XPI Database saved, setting schema version preference to 16
*** LOG addons.manager: shutdown
*** LOG addons.xpi: shutdown
*** LOG addons.xpi-utils: shutdown
*** LOG addons.xpi: Notifying XPI shutdown observers
*** LOG addons.manager: Async provider shutdown done
System JS : ERROR resource://gre/modules/BookmarkHTMLUtils.jsm:798 - NS_ERROR_UNEXPECTED: Component returned failure code: 0x8000ffff (NS_ERROR_UNEXPECTED) [nsINavBookmarksService.removeFolderChildren]
System JS : ERROR resource://app/components/nsBrowserGlue.js:1713 - NS_ERROR_UNEXPECTED: Component returned failure code: 0x8000ffff (NS_ERROR_UNEXPECTED) [nsIAnnotationService.getItemsWithAnnotation]
System JS : ERROR resource://gre/modules/BookmarkHTMLUtils.jsm:835 - NS_ERROR_UNEXPECTED: Component returned failure code: 0x8000ffff (NS_ERROR_UNEXPECTED) [nsINavBookmarksService.runInBatchMode]
*** LOG addons.xpi: startup
*** LOG addons.xpi: Skipping unavailable install location app-system-local
*** LOG addons.xpi: Skipping unavailable install location app-system-share
*** LOG addons.xpi: Ignoring file entry whose name is not a valid add-on ID: C:\Users\Raviteja\AppData\Local\Temp\anonymous7415100343878591371webdriver-profile\extensions\webdriver-staging
*** LOG addons.xpi: checkForChanges
*** LOG addons.xpi: No changes found
*** Blocklist::_loadBlocklistFromFile: blocklist is disabled
JavaScript error: chrome://browser/content/urlbarBindings.xml, line 650: aUrl is undefined

Build info: version: &#039;2.37.0&#039;, revision: &#039;a7c61cb&#039;, time: &#039;2013-10-18 17:15:02&#039;
System info: host: &#039;RAVITEJA&#039;, ip: &#039;192.168.0.182&#039;, os.name: &#039;Windows 8.1&#039;, os.arch: &#039;amd64&#039;, os.version: &#039;6.3&#039;, java.version: &#039;1.8.0_11&#039;
Driver info: driver.version: FirefoxDriver">
      <![CDATA[org.openqa.selenium.WebDriverException: Failed to connect to binary FirefoxBinary(C:\Program Files (x86)\Mozilla Firefox\firefox.exe) on port 7055; process output follows: 
OG addons.xpi: Directory state JSON differs: cache [] state [{"name":"winreg-app-global","addons":{"adapter@gingersoftware.com":{"descriptor":"C:\\Program Files (x86)\\Ginger\\Mozilla\\adapter@gingersoftware.com","mtime":1412158105163,"rdfTime":1410239752000}}},{"name":"app-global","addons":{"{972ce4c6-7e08-4474-a285-3208198ce6fd}":{"descriptor":"C:\\Program Files (x86)\\Mozilla Firefox\\browser\\extensions\\{972ce4c6-7e08-4474-a285-3208198ce6fd}","mtime":1428486347702,"rdfTime":1428486347110}}},{"name":"winreg-app-user","addons":{"wcapturex@deskperience.com":{"descriptor":"C:\\Program Files (x86)\\WordWeb\\WCaptureMoz","mtime":1423818567013,"rdfTime":1367545909000}}},{"name":"app-profile","addons":{"fxdriver@googlecode.com":{"descriptor":"C:\\Users\\Raviteja\\AppData\\Local\\Temp\\anonymous7415100343878591371webdriver-profile\\extensions\\fxdriver@googlecode.com","mtime":1428489789431,"rdfTime":1428489789171}}}]
*** LOG addons.xpi-utils: Opening XPI database C:\Users\Raviteja\AppData\Local\Temp\anonymous7415100343878591371webdriver-profile\extensions.json
*** LOG addons.xpi: New add-on fxdriver@googlecode.com installed in app-profile
*** Blocklist::_loadBlocklistFromFile: blocklist is disabled
*** LOG addons.xpi-utils: Make addon app-profile:fxdriver@googlecode.com visible
*** LOG DeferredSave/extensions.json: Save changes
*** LOG DeferredSave/extensions.json: Save changes
*** LOG addons.xpi: New add-on wcapturex@deskperience.com installed in winreg-app-user
*** LOG addons.xpi-utils: Make addon winreg-app-user:wcapturex@deskperience.com visible
*** LOG DeferredSave/extensions.json: Save changes
*** LOG DeferredSave/extensions.json: Save changes
*** LOG addons.xpi: New add-on {972ce4c6-7e08-4474-a285-3208198ce6fd} installed in app-global
*** LOG addons.xpi-utils: Make addon app-global:{972ce4c6-7e08-4474-a285-3208198ce6fd} visible
*** LOG DeferredSave/extensions.json: Save changes
*** LOG DeferredSave/extensions.json: Save changes
*** LOG addons.xpi: New add-on adapter@gingersoftware.com installed in winreg-app-global
*** LOG addons.xpi-utils: Make addon winreg-app-global:adapter@gingersoftware.com visible
*** LOG DeferredSave/extensions.json: Save changes
*** LOG DeferredSave/extensions.json: Save changes
*** LOG addons.xpi: Updating database with changes to installed add-ons
*** LOG addons.xpi-utils: Updating add-on states
*** LOG addons.xpi-utils: Writing add-ons list
*** LOG DeferredSave/extensions.json: Starting timer
*** LOG DeferredSave/extensions.json: Starting write
*** LOG DeferredSave/extensions.json: Write succeeded
*** LOG addons.xpi-utils: XPI Database saved, setting schema version preference to 16
*** LOG addons.manager: shutdown
*** LOG addons.xpi: shutdown
*** LOG addons.xpi-utils: shutdown
*** LOG addons.xpi: Notifying XPI shutdown observers
*** LOG addons.manager: Async provider shutdown done
System JS : ERROR resource://gre/modules/BookmarkHTMLUtils.jsm:798 - NS_ERROR_UNEXPECTED: Component returned failure code: 0x8000ffff (NS_ERROR_UNEXPECTED) [nsINavBookmarksService.removeFolderChildren]
System JS : ERROR resource://app/components/nsBrowserGlue.js:1713 - NS_ERROR_UNEXPECTED: Component returned failure code: 0x8000ffff (NS_ERROR_UNEXPECTED) [nsIAnnotationService.getItemsWithAnnotation]
System JS : ERROR resource://gre/modules/BookmarkHTMLUtils.jsm:835 - NS_ERROR_UNEXPECTED: Component returned failure code: 0x8000ffff (NS_ERROR_UNEXPECTED) [nsINavBookmarksService.runInBatchMode]
*** LOG addons.xpi: startup
*** LOG addons.xpi: Skipping unavailable install location app-system-local
*** LOG addons.xpi: Skipping unavailable install location app-system-share
*** LOG addons.xpi: Ignoring file entry whose name is not a valid add-on ID: C:\Users\Raviteja\AppData\Local\Temp\anonymous7415100343878591371webdriver-profile\extensions\webdriver-staging
*** LOG addons.xpi: checkForChanges
*** LOG addons.xpi: No changes found
*** Blocklist::_loadBlocklistFromFile: blocklist is disabled
JavaScript error: chrome://browser/content/urlbarBindings.xml, line 650: aUrl is undefined

Build info: version: '2.37.0', revision: 'a7c61cb', time: '2013-10-18 17:15:02'
System info: host: 'RAVITEJA', ip: '192.168.0.182', os.name: 'Windows 8.1', os.arch: 'amd64', os.version: '6.3', java.version: '1.8.0_11'
Driver info: driver.version: FirefoxDriver
	at org.openqa.selenium.firefox.internal.NewProfileExtensionConnection.start(NewProfileExtensionConnection.java:120)
	at org.openqa.selenium.firefox.FirefoxDriver.startClient(FirefoxDriver.java:250)
	at org.openqa.selenium.remote.RemoteWebDriver.<init>(RemoteWebDriver.java:110)
	at org.openqa.selenium.firefox.FirefoxDriver.<init>(FirefoxDriver.java:197)
	at org.openqa.selenium.firefox.FirefoxDriver.<init>(FirefoxDriver.java:190)
	at org.openqa.selenium.firefox.FirefoxDriver.<init>(FirefoxDriver.java:186)
	at org.openqa.selenium.firefox.FirefoxDriver.<init>(FirefoxDriver.java:99)
	at hello.ParallelExecution.monthReport(ParallelExecution.java:39)
	at sun.reflect.NativeMethodAccessorImpl.invoke0(Native Method)
	at sun.reflect.NativeMethodAccessorImpl.invoke(Unknown Source)
	at sun.reflect.DelegatingMethodAccessorImpl.invoke(Unknown Source)
	at java.lang.reflect.Method.invoke(Unknown Source)
	at org.testng.internal.MethodInvocationHelper.invokeMethod(MethodInvocationHelper.java:84)
	at org.testng.internal.Invoker.invokeMethod(Invoker.java:714)
	at org.testng.internal.Invoker.invokeTestMethod(Invoker.java:901)
	at org.testng.internal.Invoker.invokeTestMethods(Invoker.java:1231)
	at org.testng.internal.TestMethodWorker.invokeTestMethods(TestMethodWorker.java:127)
	at org.testng.internal.TestMethodWorker.run(TestMethodWorker.java:111)
	at org.testng.TestRunner.privateRun(TestRunner.java:767)
	at org.testng.TestRunner.run(TestRunner.java:617)
	at org.testng.SuiteRunner.runTest(SuiteRunner.java:334)
	at org.testng.SuiteRunner.access$000(SuiteRunner.java:37)
	at org.testng.SuiteRunner$SuiteWorker.run(SuiteRunner.java:368)
	at org.testng.internal.thread.ThreadUtil$2.call(ThreadUtil.java:64)
	at java.util.concurrent.FutureTask.run(Unknown Source)
	at java.util.concurrent.ThreadPoolExecutor.runWorker(Unknown Source)
	at java.util.concurrent.ThreadPoolExecutor$Worker.run(Unknown Source)
	at java.lang.Thread.run(Unknown Source)
Caused by: org.openqa.selenium.firefox.NotConnectedException: Unable to connect to host 127.0.0.1 on port 7055 after 45000 ms. Firefox console output:
OG addons.xpi: Directory state JSON differs: cache [] state [{"name":"winreg-app-global","addons":{"adapter@gingersoftware.com":{"descriptor":"C:\\Program Files (x86)\\Ginger\\Mozilla\\adapter@gingersoftware.com","mtime":1412158105163,"rdfTime":1410239752000}}},{"name":"app-global","addons":{"{972ce4c6-7e08-4474-a285-3208198ce6fd}":{"descriptor":"C:\\Program Files (x86)\\Mozilla Firefox\\browser\\extensions\\{972ce4c6-7e08-4474-a285-3208198ce6fd}","mtime":1428486347702,"rdfTime":1428486347110}}},{"name":"winreg-app-user","addons":{"wcapturex@deskperience.com":{"descriptor":"C:\\Program Files (x86)\\WordWeb\\WCaptureMoz","mtime":1423818567013,"rdfTime":1367545909000}}},{"name":"app-profile","addons":{"fxdriver@googlecode.com":{"descriptor":"C:\\Users\\Raviteja\\AppData\\Local\\Temp\\anonymous7415100343878591371webdriver-profile\\extensions\\fxdriver@googlecode.com","mtime":1428489789431,"rdfTime":1428489789171}}}]
*** LOG addons.xpi-utils: Opening XPI database C:\Users\Raviteja\AppData\Local\Temp\anonymous7415100343878591371webdriver-profile\extensions.json
*** LOG addons.xpi: New add-on fxdriver@googlecode.com installed in app-profile
*** Blocklist::_loadBlocklistFromFile: blocklist is disabled
*** LOG addons.xpi-utils: Make addon app-profile:fxdriver@googlecode.com visible
*** LOG DeferredSave/extensions.json: Save changes
*** LOG DeferredSave/extensions.json: Save changes
*** LOG addons.xpi: New add-on wcapturex@deskperience.com installed in winreg-app-user
*** LOG addons.xpi-utils: Make addon winreg-app-user:wcapturex@deskperience.com visible
*** LOG DeferredSave/extensions.json: Save changes
*** LOG DeferredSave/extensions.json: Save changes
*** LOG addons.xpi: New add-on {972ce4c6-7e08-4474-a285-3208198ce6fd} installed in app-global
*** LOG addons.xpi-utils: Make addon app-global:{972ce4c6-7e08-4474-a285-3208198ce6fd} visible
*** LOG DeferredSave/extensions.json: Save changes
*** LOG DeferredSave/extensions.json: Save changes
*** LOG addons.xpi: New add-on adapter@gingersoftware.com installed in winreg-app-global
*** LOG addons.xpi-utils: Make addon winreg-app-global:adapter@gingersoftware.com visible
*** LOG DeferredSave/extensions.json: Save changes
*** LOG DeferredSave/extensions.json: Save changes
*** LOG addons.xpi: Updating database with changes to installed add-ons
*** LOG addons.xpi-utils: Updating add-on states
*** LOG addons.xpi-utils: Writing add-ons list
*** LOG DeferredSave/extensions.json: Starting timer
*** LOG DeferredSave/extensions.json: Starting write
*** LOG DeferredSave/extensions.json: Write succeeded
*** LOG addons.xpi-utils: XPI Database saved, setting schema version preference to 16
*** LOG addons.manager: shutdown
*** LOG addons.xpi: shutdown
*** LOG addons.xpi-utils: shutdown
*** LOG addons.xpi: Notifying XPI shutdown observers
*** LOG addons.manager: Async provider shutdown done
System JS : ERROR resource://gre/modules/BookmarkHTMLUtils.jsm:798 - NS_ERROR_UNEXPECTED: Component returned failure code: 0x8000ffff (NS_ERROR_UNEXPECTED) [nsINavBookmarksService.removeFolderChildren]
System JS : ERROR resource://app/components/nsBrowserGlue.js:1713 - NS_ERROR_UNEXPECTED: Component returned failure code: 0x8000ffff (NS_ERROR_UNEXPECTED) [nsIAnnotationService.getItemsWithAnnotation]
System JS : ERROR resource://gre/modules/BookmarkHTMLUtils.jsm:835 - NS_ERROR_UNEXPECTED: Component returned failure code: 0x8000ffff (NS_ERROR_UNEXPECTED) [nsINavBookmarksService.runInBatchMode]
*** LOG addons.xpi: startup
*** LOG addons.xpi: Skipping unavailable install location app-system-local
*** LOG addons.xpi: Skipping unavailable install location app-system-share
*** LOG addons.xpi: Ignoring file entry whose name is not a valid add-on ID: C:\Users\Raviteja\AppData\Local\Temp\anonymous7415100343878591371webdriver-profile\extensions\webdriver-staging
*** LOG addons.xpi: checkForChanges
*** LOG addons.xpi: No changes found
*** Blocklist::_loadBlocklistFromFile: blocklist is disabled
JavaScript error: chrome://browser/content/urlbarBindings.xml, line 650: aUrl is undefined

	at org.openqa.selenium.firefox.internal.NewProfileExtensionConnection.start(NewProfileExtensionConnection.java:108)
	... 27 more
]]>
    </failure>
  </testcase> <!-- monthReport -->
</testsuite> <!-- hello.ParallelExecution -->
