<?xml version="1.0" encoding="UTF-8"?>
<!-- Generated by org.testng.reporters.JUnitReportReporter -->
<testsuite hostname="RAVITEJA" name="writetoexcel.writeExcel" tests="1" failures="0" timestamp="22 Dec 2014 13:17:01 GMT" time="0.166" errors="0">
  <testcase name="f" time="0.166" classname="writetoexcel.writeExcel"/>
</testsuite> <!-- writetoexcel.writeExcel -->
