<?xml version="1.0" encoding="UTF-8"?>
<!-- Generated by org.testng.reporters.JUnitReportReporter -->
<testsuite hostname="RAVITEJA" name="example.RegularExpressions" tests="2" failures="0" timestamp="9 Apr 2015 06:41:06 GMT" time="0.010" errors="0">
  <testcase name="testMethodTwo" time="0.000" classname="example.RegularExpressions"/>
  <testcase name="testMethodOne" time="0.010" classname="example.RegularExpressions"/>
</testsuite> <!-- example.RegularExpressions -->
