<?xml version="1.0" encoding="UTF-8"?>
<!-- Generated by org.testng.reporters.JUnitReportReporter -->
<testsuite hostname="RAVITEJA" name="example.IncludeExclude" tests="2" failures="0" timestamp="9 Apr 2015 06:32:40 GMT" time="0.012" errors="0">
  <testcase name="groupTwo" time="0.001" classname="example.IncludeExclude"/>
  <testcase name="groupOne" time="0.011" classname="example.IncludeExclude"/>
</testsuite> <!-- example.IncludeExclude -->
