<?xml version="1.0" encoding="UTF-8"?>
<!-- Generated by org.testng.reporters.JUnitReportReporter -->
<testsuite hostname="RAVITEJA" name="example.MetaGroup" tests="2" failures="0" timestamp="9 Apr 2015 06:51:11 GMT" time="0.011" errors="0">
  <testcase name="testMethodTwo" time="0.001" classname="example.MetaGroup"/>
  <testcase name="testMethodOne" time="0.010" classname="example.MetaGroup"/>
</testsuite> <!-- example.MetaGroup -->
