<?xml version="1.0" encoding="UTF-8"?>
<!-- Generated by org.testng.reporters.JUnitReportReporter -->
<testsuite hostname="Raviteja" name="Test.NewTest" tests="1" failures="0" timestamp="28 May 2014 11:44:17 GMT" time="30.490" errors="0">
  <testcase name="CreateDB" time="30.490" classname="Test.NewTest"/>
</testsuite> <!-- Test.NewTest -->
